<html>
<head>
<title>TestNG:  Default test</title>
<link href="../testng.css" rel="stylesheet" type="text/css" />
<link href="../my-testng.css" rel="stylesheet" type="text/css" />

<style type="text/css">
.log { display: none;} 
.stack-trace { display: none;} 
</style>
<script type="text/javascript">
<!--
function flip(e) {
  current = e.style.display;
  if (current == 'block') {
    e.style.display = 'none';
    return 0;
  }
  else {
    e.style.display = 'block';
    return 1;
  }
}

function toggleBox(szDivId, elem, msg1, msg2)
{
  var res = -1;  if (document.getElementById) {
    res = flip(document.getElementById(szDivId));
  }
  else if (document.all) {
    // this is the way old msie versions work
    res = flip(document.all[szDivId]);
  }
  if(elem) {
    if(res == 0) elem.innerHTML = msg1; else elem.innerHTML = msg2;
  }

}

function toggleAllBoxes() {
  if (document.getElementsByTagName) {
    d = document.getElementsByTagName('div');
    for (i = 0; i < d.length; i++) {
      if (d[i].className == 'log') {
        flip(d[i]);
      }
    }
  }
}

// -->
</script>

</head>
<body>
<h2 align='center'>Default test</h2><table border='1' align="center">
<tr>
<td>Tests passed/Failed/Skipped:</td><td>0/1/0</td>
</tr><tr>
<td>Started on:</td><td>Fri Oct 18 16:41:16 IST 2019</td>
</tr>
<tr><td>Total time:</td><td>123 seconds (123295 ms)</td>
</tr><tr>
<td>Included groups:</td><td></td>
</tr><tr>
<td>Excluded groups:</td><td></td>
</tr>
</table><p/>
<small><i>(Hover the method name to see the test class name)</i></small><p/>
<table width='100%' border='1' class='invocation-failed'>
<tr><td colspan='4' align='center'><b>FAILED CONFIGURATIONS</b></td></tr>
<tr><td><b>Test method</b></td>
<td width="30%"><b>Exception</b></td>
<td width="10%"><b>Time (seconds)</b></td>
<td><b>Instance</b></td>
</tr>
<tr>
<td title='arjex.youtube.scheduled.YXWithJSMultiElementSituations.endMethod()'><b>endMethod</b><br>Test class: arjex.youtube.scheduled.YXWithJSMultiElementSituations<br>Parameters: org.testng.TestRunner@662ac478</td>
<td><div><pre>arjuna.lib.httpclient.SetuHttpException: Setu returned an error response.
	at arjuna.lib.httpclient.BasicRestClient.handleResponse(BasicRestClient.java:40)
	at arjuna.lib.httpclient.BasicRestClient.post(BasicRestClient.java:66)
	at arjuna.client.core.connector.DefaultSetuRequester.post(BaseSetuObject.java:113)
	at arjuna.client.core.connector.SetuConnectUtils.sendRequest(SetuConnectUtils.java:65)
	at arjuna.client.core.connector.BaseSetuObject.sendRequest(BaseSetuObject.java:73)
	at arjuna.client.guiauto.component.GuiAutoComponentFactory$BaseComponent.sendSetuRequest(GuiAutoComponentFactory.java:112)
	at arjuna.client.guiauto.component.GuiAutoComponentFactory$DefaultGuiMultiElement.length(GuiAutoComponentFactory.java:242)
	at arjex.youtube.scheduled.YXWithJSMultiElementSituations.tearDownMethod(YXWithJSMultiElementSituations.java:48)
	at arjuna.tpi.testengine.TestNGBaseTest.endMethod(TestNGBaseTest.java:124)
	at sun.reflect.NativeMethodAccessorImpl.invoke0(Native Method)
	at sun.reflect.NativeMethodAccessorImpl.invoke(NativeMethodAccessorImpl.java:62)
	at sun.reflect.DelegatingMethodAccessorImpl.invoke(DelegatingMethodAccessorImpl.java:43)
	at java.lang.reflect.Method.invoke(Method.java:498)
	at org.testng.internal.MethodInvocationHelper.invokeMethod(MethodInvocationHelper.java:124)
	at org.testng.internal.MethodInvocationHelper.invokeMethodConsideringTimeout(MethodInvocationHelper.java:59)
	at org.testng.internal.Invoker.invokeConfigurationMethod(Invoker.java:458)
	at org.testng.internal.Invoker.invokeConfigurations(Invoker.java:222)
	at org.testng.internal.Invoker.invokeMethod(Invoker.java:646)
	at org.testng.internal.Invoker.invokeTestMethod(Invoker.java:719)
	at org.testng.internal.Invoker.invokeTestMethods(Invoker.java:989)
	at org.testng.internal.TestMethodWorker.invokeTestMethods(TestMethodWorker.java:125)
	at org.testng.internal.TestMethodWorker.run(TestMethodWorker.java:109)
	at org.testng.TestRunner.privateRun(TestRunner.java:648)
	at org.testng.TestRunner.run(TestRunner.java:505)
	at org.testng.SuiteRunner.runTest(SuiteRunner.java:455)
	at org.testng.SuiteRunner.runSequentially(SuiteRunner.java:450)
	at org.testng.SuiteRunner.privateRun(SuiteRunner.java:415)
	at org.testng.SuiteRunner.run(SuiteRunner.java:364)
	at org.testng.SuiteRunnerWorker.runSuite(SuiteRunnerWorker.java:52)
	at org.testng.SuiteRunnerWorker.run(SuiteRunnerWorker.java:84)
	at org.testng.TestNG.runSuitesSequentially(TestNG.java:1208)
	at org.testng.TestNG.runSuitesLocally(TestNG.java:1137)
	at org.testng.TestNG.runSuites(TestNG.java:1049)
	at org.testng.TestNG.run(TestNG.java:1017)
	at org.testng.remote.AbstractRemoteTestNG.run(AbstractRemoteTestNG.java:114)
	at org.testng.remote.RemoteTestNG.initAndRun(RemoteTestNG.java:251)
	at org.testng.remote.RemoteTestNG.main(RemoteTestNG.java:77)
</pre></div><a href='#' onClick='toggleBox("stack-trace580871917", this, "Click to show all stack frames", "Click to hide stack frames")'>Click to show all stack frames</a>
<div class='stack-trace' id='stack-trace580871917'><pre>arjuna.lib.httpclient.SetuHttpException: Setu returned an error response.
	at arjuna.lib.httpclient.BasicRestClient.handleResponse(BasicRestClient.java:40)
	at arjuna.lib.httpclient.BasicRestClient.post(BasicRestClient.java:66)
	at arjuna.client.core.connector.DefaultSetuRequester.post(BaseSetuObject.java:113)
	at arjuna.client.core.connector.SetuConnectUtils.sendRequest(SetuConnectUtils.java:65)
	at arjuna.client.core.connector.BaseSetuObject.sendRequest(BaseSetuObject.java:73)
	at arjuna.client.guiauto.component.GuiAutoComponentFactory$BaseComponent.sendSetuRequest(GuiAutoComponentFactory.java:112)
	at arjuna.client.guiauto.component.GuiAutoComponentFactory$DefaultGuiMultiElement.length(GuiAutoComponentFactory.java:242)
	at arjex.youtube.scheduled.YXWithJSMultiElementSituations.tearDownMethod(YXWithJSMultiElementSituations.java:48)
	at arjuna.tpi.testengine.TestNGBaseTest.endMethod(TestNGBaseTest.java:124)
	at sun.reflect.NativeMethodAccessorImpl.invoke0(Native Method)
	at sun.reflect.NativeMethodAccessorImpl.invoke(NativeMethodAccessorImpl.java:62)
	at sun.reflect.DelegatingMethodAccessorImpl.invoke(DelegatingMethodAccessorImpl.java:43)
	at java.lang.reflect.Method.invoke(Method.java:498)
	at org.testng.internal.MethodInvocationHelper.invokeMethod(MethodInvocationHelper.java:124)
	at org.testng.internal.MethodInvocationHelper.invokeMethodConsideringTimeout(MethodInvocationHelper.java:59)
	at org.testng.internal.Invoker.invokeConfigurationMethod(Invoker.java:458)
	at org.testng.internal.Invoker.invokeConfigurations(Invoker.java:222)
	at org.testng.internal.Invoker.invokeMethod(Invoker.java:646)
	at org.testng.internal.Invoker.invokeTestMethod(Invoker.java:719)
	at org.testng.internal.Invoker.invokeTestMethods(Invoker.java:989)
	at org.testng.internal.TestMethodWorker.invokeTestMethods(TestMethodWorker.java:125)
	at org.testng.internal.TestMethodWorker.run(TestMethodWorker.java:109)
	at org.testng.TestRunner.privateRun(TestRunner.java:648)
	at org.testng.TestRunner.run(TestRunner.java:505)
	at org.testng.SuiteRunner.runTest(SuiteRunner.java:455)
	at org.testng.SuiteRunner.runSequentially(SuiteRunner.java:450)
	at org.testng.SuiteRunner.privateRun(SuiteRunner.java:415)
	at org.testng.SuiteRunner.run(SuiteRunner.java:364)
	at org.testng.SuiteRunnerWorker.runSuite(SuiteRunnerWorker.java:52)
	at org.testng.SuiteRunnerWorker.run(SuiteRunnerWorker.java:84)
	at org.testng.TestNG.runSuitesSequentially(TestNG.java:1208)
	at org.testng.TestNG.runSuitesLocally(TestNG.java:1137)
	at org.testng.TestNG.runSuites(TestNG.java:1049)
	at org.testng.TestNG.run(TestNG.java:1017)
	at org.testng.remote.AbstractRemoteTestNG.run(AbstractRemoteTestNG.java:114)
	at org.testng.remote.RemoteTestNG.initAndRun(RemoteTestNG.java:251)
	at org.testng.remote.RemoteTestNG.main(RemoteTestNG.java:77)
</pre></div></td>
<td>60</td>
<td>arjex.youtube.scheduled.YXWithJSMultiElementSituations@6767c1fc</td></tr>
</table><p>
<table width='100%' border='1' class='invocation-skipped'>
<tr><td colspan='4' align='center'><b>SKIPPED CONFIGURATIONS</b></td></tr>
<tr><td><b>Test method</b></td>
<td width="30%"><b>Exception</b></td>
<td width="10%"><b>Time (seconds)</b></td>
<td><b>Instance</b></td>
</tr>
<tr>
<td title='arjex.youtube.scheduled.YXWithJSMultiElementSituations.endClass()'><b>endClass</b><br>Test class: arjex.youtube.scheduled.YXWithJSMultiElementSituations</td>
<td></td>
<td>0</td>
<td>arjex.youtube.scheduled.YXWithJSMultiElementSituations@6767c1fc</td></tr>
</table><p>
<table width='100%' border='1' class='invocation-failed'>
<tr><td colspan='4' align='center'><b>FAILED TESTS</b></td></tr>
<tr><td><b>Test method</b></td>
<td width="30%"><b>Exception</b></td>
<td width="10%"><b>Time (seconds)</b></td>
<td><b>Instance</b></td>
</tr>
<tr>
<td title='arjex.youtube.scheduled.YXWithJSMultiElementSituations.testMNonElementInList()'><b>testMNonElementInList</b><br>Test class: arjex.youtube.scheduled.YXWithJSMultiElementSituations</td>
<td><div><pre>arjuna.lib.httpclient.SetuHttpException: Setu returned an error response.
	at arjuna.lib.httpclient.BasicRestClient.handleResponse(BasicRestClient.java:40)
	at arjuna.lib.httpclient.BasicRestClient.post(BasicRestClient.java:66)
	at arjuna.client.core.connector.DefaultSetuRequester.post(BaseSetuObject.java:113)
	at arjuna.client.core.connector.SetuConnectUtils.sendRequest(SetuConnectUtils.java:65)
	at arjuna.client.core.connector.BaseSetuObject.sendRequest(BaseSetuObject.java:73)
	at arjuna.client.guiauto.component.GuiAutoComponentFactory$BaseComponent.sendSetuRequest(GuiAutoComponentFactory.java:112)
	at arjuna.client.guiauto.component.GuiAutoComponentFactory$DefaultGuiMultiElement.length(GuiAutoComponentFactory.java:242)
	at arjex.youtube.scheduled.YXWithJSMultiElementSituations.testMNonElementInList(YXWithJSMultiElementSituations.java:89)
	at sun.reflect.NativeMethodAccessorImpl.invoke0(Native Method)
	at sun.reflect.NativeMethodAccessorImpl.invoke(NativeMethodAccessorImpl.java:62)
	at sun.reflect.DelegatingMethodAccessorImpl.invoke(DelegatingMethodAccessorImpl.java:43)
	at java.lang.reflect.Method.invoke(Method.java:498)
	at org.testng.internal.MethodInvocationHelper.invokeMethod(MethodInvocationHelper.java:124)
	at org.testng.internal.Invoker.invokeMethod(Invoker.java:583)
	at org.testng.internal.Invoker.invokeTestMethod(Invoker.java:719)
	at org.testng.internal.Invoker.invokeTestMethods(Invoker.java:989)
	at org.testng.internal.TestMethodWorker.invokeTestMethods(TestMethodWorker.java:125)
	at org.testng.internal.TestMethodWorker.run(TestMethodWorker.java:109)
	at org.testng.TestRunner.privateRun(TestRunner.java:648)
	at org.testng.TestRunner.run(TestRunner.java:505)
	at org.testng.SuiteRunner.runTest(SuiteRunner.java:455)
	at org.testng.SuiteRunner.runSequentially(SuiteRunner.java:450)
	at org.testng.SuiteRunner.privateRun(SuiteRunner.java:415)
	at org.testng.SuiteRunner.run(SuiteRunner.java:364)
	at org.testng.SuiteRunnerWorker.runSuite(SuiteRunnerWorker.java:52)
	at org.testng.SuiteRunnerWorker.run(SuiteRunnerWorker.java:84)
	at org.testng.TestNG.runSuitesSequentially(TestNG.java:1208)
	at org.testng.TestNG.runSuitesLocally(TestNG.java:1137)
	at org.testng.TestNG.runSuites(TestNG.java:1049)
	at org.testng.TestNG.run(TestNG.java:1017)
	at org.testng.remote.AbstractRemoteTestNG.run(AbstractRemoteTestNG.java:114)
	at org.testng.remote.RemoteTestNG.initAndRun(RemoteTestNG.java:251)
	at org.testng.remote.RemoteTestNG.main(RemoteTestNG.java:77)
</pre></div><a href='#' onClick='toggleBox("stack-trace2110756088", this, "Click to show all stack frames", "Click to hide stack frames")'>Click to show all stack frames</a>
<div class='stack-trace' id='stack-trace2110756088'><pre>arjuna.lib.httpclient.SetuHttpException: Setu returned an error response.
	at arjuna.lib.httpclient.BasicRestClient.handleResponse(BasicRestClient.java:40)
	at arjuna.lib.httpclient.BasicRestClient.post(BasicRestClient.java:66)
	at arjuna.client.core.connector.DefaultSetuRequester.post(BaseSetuObject.java:113)
	at arjuna.client.core.connector.SetuConnectUtils.sendRequest(SetuConnectUtils.java:65)
	at arjuna.client.core.connector.BaseSetuObject.sendRequest(BaseSetuObject.java:73)
	at arjuna.client.guiauto.component.GuiAutoComponentFactory$BaseComponent.sendSetuRequest(GuiAutoComponentFactory.java:112)
	at arjuna.client.guiauto.component.GuiAutoComponentFactory$DefaultGuiMultiElement.length(GuiAutoComponentFactory.java:242)
	at arjex.youtube.scheduled.YXWithJSMultiElementSituations.testMNonElementInList(YXWithJSMultiElementSituations.java:89)
	at sun.reflect.NativeMethodAccessorImpl.invoke0(Native Method)
	at sun.reflect.NativeMethodAccessorImpl.invoke(NativeMethodAccessorImpl.java:62)
	at sun.reflect.DelegatingMethodAccessorImpl.invoke(DelegatingMethodAccessorImpl.java:43)
	at java.lang.reflect.Method.invoke(Method.java:498)
	at org.testng.internal.MethodInvocationHelper.invokeMethod(MethodInvocationHelper.java:124)
	at org.testng.internal.Invoker.invokeMethod(Invoker.java:583)
	at org.testng.internal.Invoker.invokeTestMethod(Invoker.java:719)
	at org.testng.internal.Invoker.invokeTestMethods(Invoker.java:989)
	at org.testng.internal.TestMethodWorker.invokeTestMethods(TestMethodWorker.java:125)
	at org.testng.internal.TestMethodWorker.run(TestMethodWorker.java:109)
	at org.testng.TestRunner.privateRun(TestRunner.java:648)
	at org.testng.TestRunner.run(TestRunner.java:505)
	at org.testng.SuiteRunner.runTest(SuiteRunner.java:455)
	at org.testng.SuiteRunner.runSequentially(SuiteRunner.java:450)
	at org.testng.SuiteRunner.privateRun(SuiteRunner.java:415)
	at org.testng.SuiteRunner.run(SuiteRunner.java:364)
	at org.testng.SuiteRunnerWorker.runSuite(SuiteRunnerWorker.java:52)
	at org.testng.SuiteRunnerWorker.run(SuiteRunnerWorker.java:84)
	at org.testng.TestNG.runSuitesSequentially(TestNG.java:1208)
	at org.testng.TestNG.runSuitesLocally(TestNG.java:1137)
	at org.testng.TestNG.runSuites(TestNG.java:1049)
	at org.testng.TestNG.run(TestNG.java:1017)
	at org.testng.remote.AbstractRemoteTestNG.run(AbstractRemoteTestNG.java:114)
	at org.testng.remote.RemoteTestNG.initAndRun(RemoteTestNG.java:251)
	at org.testng.remote.RemoteTestNG.main(RemoteTestNG.java:77)
</pre></div></td>
<td>60</td>
<td>arjex.youtube.scheduled.YXWithJSMultiElementSituations@6767c1fc</td></tr>
</table><p>
</body>
</html>