<?xml version="1.0" encoding="utf-8"?><testsuites><testsuite errors="0" failures="1" hostname="Rahuls-MacBook-Pro.local" name="pytest" skipped="0" tests="2" time="3.174" timestamp="2020-02-11T16:14:24.793242"><testcase classname="tests.modules.test_01_launch_chrome" name="test_launch_chrome[my0]" time="3.031"><failure message="NameError: name &apos;self&apos; is not defined">my = &lt;arjuna.engine.test.My object at 0x10c81d1d0&gt;
request = &lt;FixtureRequest for &lt;Function test_launch_chrome[my0]&gt;&gt;

    @test
    def test_launch_chrome(my, request):
        google = WebApp(base_url=&quot;https://google.com&quot;)
        google.launch()
&gt;       self.assertEqual(&quot;Google1&quot;, google.ui.main_window.title)
E       NameError: name &apos;self&apos; is not defined

tests/modules/test_01_launch_chrome.py:27: NameError</failure></testcase><testcase classname="tests.modules.test_01_launch_chrome" name="test" time="0.000"></testcase></testsuite></testsuites>